c:\users\yoonj\onedrive\문서\c_clean_code\addmerge2\employeedb\employeedb\x64\debug\vc143.pdb
c:\users\yoonj\onedrive\문서\c_clean_code\addmerge2\employeedb\employeedb\x64\debug\vc143.idb
c:\users\yoonj\onedrive\문서\c_clean_code\addmerge2\employeedb\employeedb\x64\debug\parser.obj
c:\users\yoonj\onedrive\문서\c_clean_code\addmerge2\employeedb\employeedb\x64\debug\main.obj
c:\users\yoonj\onedrive\문서\c_clean_code\addmerge2\employeedb\employeedb\x64\debug\adder.obj
c:\users\noh02\desktop\과제\c_clean_code\employeedb\employeedb\x64\debug\vc143.pdb
c:\users\noh02\desktop\과제\c_clean_code\employeedb\employeedb\x64\debug\vc143.idb
c:\users\noh02\desktop\과제\c_clean_code\employeedb\employeedb\x64\debug\parser.obj
c:\users\noh02\desktop\과제\c_clean_code\employeedb\employeedb\x64\debug\mod.obj
c:\users\noh02\desktop\과제\c_clean_code\employeedb\employeedb\x64\debug\main.obj
c:\users\noh02\desktop\과제\c_clean_code\employeedb\employeedb\x64\debug\adder.obj
c:\users\yoonj\onedrive\문서\c_clean_code\addmerge2\employeedb\x64\debug\employeedb.exe
c:\users\yoonj\onedrive\문서\c_clean_code\addmerge2\employeedb\employeedb\x64\debug\employeedb.ilk
c:\windows\pcdrm\dump\20220215_nfd01.log
c:\users\yoonj\onedrive\문서\c_clean_code\addmerge2\employeedb\x64\debug\employeedb.pdb
c:\users\noh02\desktop\과제\c_clean_code\employeedb\x64\debug\employeedb.pdb
c:\users\noh02\desktop\과제\c_clean_code\employeedb\employeedb\x64\debug\employeedb.tlog\cl.command.1.tlog
c:\users\noh02\desktop\과제\c_clean_code\employeedb\employeedb\x64\debug\employeedb.tlog\cl.read.1.tlog
c:\users\noh02\desktop\과제\c_clean_code\employeedb\employeedb\x64\debug\employeedb.tlog\cl.write.1.tlog
c:\users\noh02\desktop\과제\c_clean_code\employeedb\employeedb\x64\debug\employeedb.tlog\link-cvtres.read.1.tlog
c:\users\noh02\desktop\과제\c_clean_code\employeedb\employeedb\x64\debug\employeedb.tlog\link-cvtres.write.1.tlog
c:\users\noh02\desktop\과제\c_clean_code\employeedb\employeedb\x64\debug\employeedb.tlog\link-rc.read.1.tlog
c:\users\noh02\desktop\과제\c_clean_code\employeedb\employeedb\x64\debug\employeedb.tlog\link-rc.write.1.tlog
c:\users\noh02\desktop\과제\c_clean_code\employeedb\employeedb\x64\debug\employeedb.tlog\link.command.1.tlog
c:\users\noh02\desktop\과제\c_clean_code\employeedb\employeedb\x64\debug\employeedb.tlog\link.read.1.tlog
c:\users\noh02\desktop\과제\c_clean_code\employeedb\employeedb\x64\debug\employeedb.tlog\link.read.10.tlog
c:\users\noh02\desktop\과제\c_clean_code\employeedb\employeedb\x64\debug\employeedb.tlog\link.read.2.tlog
c:\users\noh02\desktop\과제\c_clean_code\employeedb\employeedb\x64\debug\employeedb.tlog\link.write.1.tlog
c:\users\noh02\desktop\과제\c_clean_code\employeedb\employeedb\x64\debug\employeedb.tlog\link.write.10.tlog
